<?xml version="1.0" encoding="UTF-8"?>
<!-- Generated by org.testng.reporters.JUnitReportReporter -->
<testsuite hostname="BBMachine2" name="com.myntra.TestAutomation.VerifySearchProductForRegisteredUser" tests="4" failures="0" timestamp="11 Jun 2018 13:57:28 GMT" time="19.471" errors="0">
  <testcase name="searchForProducts" time="5.525" classname="com.myntra.TestAutomation.VerifySearchProductForRegisteredUser"/>
  <testcase name="CheckMyntraHomePage" time="0.028" classname="com.myntra.TestAutomation.VerifySearchProductForRegisteredUser"/>
  <testcase name="enerUserCredentials" time="11.664" classname="com.myntra.TestAutomation.VerifySearchProductForRegisteredUser"/>
  <testcase name="clickOnLOginButton" time="2.254" classname="com.myntra.TestAutomation.VerifySearchProductForRegisteredUser"/>
</testsuite> <!-- com.myntra.TestAutomation.VerifySearchProductForRegisteredUser -->
