<?xml version="1.0" encoding="UTF-8"?>
<!-- Generated by org.testng.reporters.JUnitReportReporter -->
<testsuite hostname="BBMachine2" name="com.myntra.TestAutomation.VerifySearchProductWithGuestUser" tests="5" failures="0" timestamp="11 Jun 2018 13:57:28 GMT" time="19.726" errors="0">
  <testcase name="CheckMyntraHomePage" time="0.450" classname="com.myntra.TestAutomation.VerifySearchProductWithGuestUser"/>
  <testcase name="searchForProducts" time="6.651" classname="com.myntra.TestAutomation.VerifySearchProductWithGuestUser"/>
  <testcase name="searchForProducts" time="4.761" classname="com.myntra.TestAutomation.VerifySearchProductWithGuestUser"/>
  <testcase name="searchForProducts" time="3.504" classname="com.myntra.TestAutomation.VerifySearchProductWithGuestUser"/>
  <testcase name="searchForProducts" time="4.360" classname="com.myntra.TestAutomation.VerifySearchProductWithGuestUser"/>
</testsuite> <!-- com.myntra.TestAutomation.VerifySearchProductWithGuestUser -->
