<?xml version="1.0" encoding="UTF-8"?>
<!-- Generated by org.testng.reporters.JUnitReportReporter -->
<testsuite hostname="BBMachine2" name="com.myntra.TestAutomation.VerifyWishListPageAfterAddingItem" tests="7" failures="0" timestamp="11 Jun 2018 13:57:28 GMT" time="23.431" errors="0">
  <testcase name="enerUserCredentials" time="11.819" classname="com.myntra.TestAutomation.VerifyWishListPageAfterAddingItem"/>
  <testcase name="checkItemAddedInWishList" time="0.155" classname="com.myntra.TestAutomation.VerifyWishListPageAfterAddingItem"/>
  <testcase name="clickOnWhishListOption" time="2.411" classname="com.myntra.TestAutomation.VerifyWishListPageAfterAddingItem"/>
  <testcase name="clickOnLOginButton" time="2.652" classname="com.myntra.TestAutomation.VerifyWishListPageAfterAddingItem"/>
  <testcase name="searchForProducts" time="6.088" classname="com.myntra.TestAutomation.VerifyWishListPageAfterAddingItem"/>
  <testcase name="userSelectFirstProduct" time="0.272" classname="com.myntra.TestAutomation.VerifyWishListPageAfterAddingItem"/>
  <testcase name="CheckMyntraHomePage" time="0.034" classname="com.myntra.TestAutomation.VerifyWishListPageAfterAddingItem"/>
</testsuite> <!-- com.myntra.TestAutomation.VerifyWishListPageAfterAddingItem -->
