<?xml version="1.0" encoding="UTF-8"?>
<!-- Generated by org.testng.reporters.JUnitReportReporter -->
<testsuite hostname="BBMachine2" name="com.myntra.TestAutomation.VerifyItemsInCartPage" tests="7" failures="0" timestamp="11 Jun 2018 13:57:28 GMT" time="26.710" errors="0">
  <testcase name="CheckMyntraHomePage" time="0.026" classname="com.myntra.TestAutomation.VerifyItemsInCartPage"/>
  <testcase name="clickAddToBagButton" time="4.335" classname="com.myntra.TestAutomation.VerifyItemsInCartPage"/>
  <testcase name="clickOnWhishListOption" time="2.611" classname="com.myntra.TestAutomation.VerifyItemsInCartPage"/>
  <testcase name="clickOnLoginButton" time="2.208" classname="com.myntra.TestAutomation.VerifyItemsInCartPage"/>
  <testcase name="enerUserCredentials" time="11.600" classname="com.myntra.TestAutomation.VerifyItemsInCartPage"/>
  <testcase name="searchForProducts" time="5.746" classname="com.myntra.TestAutomation.VerifyItemsInCartPage"/>
  <testcase name="userSelectFirstProduct" time="0.184" classname="com.myntra.TestAutomation.VerifyItemsInCartPage"/>
</testsuite> <!-- com.myntra.TestAutomation.VerifyItemsInCartPage -->
