<?xml version="1.0" encoding="UTF-8"?>
<!-- Generated by org.testng.reporters.JUnitReportReporter -->
<testsuite hostname="BBMachine2" name="com.myntra.TestAutomation.VerifyRemoveItemFromWishList" tests="7" failures="0" timestamp="11 Jun 2018 13:57:28 GMT" time="24.489" errors="0">
  <testcase name="clickOnWhishListOption" time="2.198" classname="com.myntra.TestAutomation.VerifyRemoveItemFromWishList"/>
  <testcase name="searchForProducts" time="5.948" classname="com.myntra.TestAutomation.VerifyRemoveItemFromWishList"/>
  <testcase name="removeAllProductsFromWishList" time="1.057" classname="com.myntra.TestAutomation.VerifyRemoveItemFromWishList"/>
  <testcase name="CheckMyntraHomePage" time="0.024" classname="com.myntra.TestAutomation.VerifyRemoveItemFromWishList"/>
  <testcase name="userSelectFirstProduct" time="0.178" classname="com.myntra.TestAutomation.VerifyRemoveItemFromWishList"/>
  <testcase name="clickOnLoginButton" time="2.910" classname="com.myntra.TestAutomation.VerifyRemoveItemFromWishList"/>
  <testcase name="enerUserCredentials" time="12.174" classname="com.myntra.TestAutomation.VerifyRemoveItemFromWishList"/>
</testsuite> <!-- com.myntra.TestAutomation.VerifyRemoveItemFromWishList -->
