<?xml version="1.0" encoding="UTF-8"?>
<!-- Generated by org.testng.reporters.JUnitReportReporter -->
<testsuite hostname="BBMachine2" name="com.myntra.TestAutomation.VerifyHomePage" tests="3" failures="0" timestamp="4 Jun 2018 09:54:39 GMT" time="11.149" errors="0">
  <testcase name="clickOnLoginButton" time="3.248" classname="com.myntra.TestAutomation.VerifyHomePage"/>
  <testcase name="enterUserCredentials" time="7.397" classname="com.myntra.TestAutomation.VerifyHomePage"/>
  <testcase name="clickOnLogin" time="0.504" classname="com.myntra.TestAutomation.VerifyHomePage"/>
</testsuite> <!-- com.myntra.TestAutomation.VerifyHomePage -->
