<?xml version="1.0" encoding="UTF-8"?>
<!-- Generated by org.testng.reporters.JUnitReportReporter -->
<testsuite hostname="BBMachine2" name="com.myntra.TestAutomation.SearchProductForRegisteredUser" tests="4" failures="0" timestamp="7 Jun 2018 11:35:06 GMT" time="22.711" errors="0">
  <testcase name="CheckMyntraHomePage" time="0.040" classname="com.myntra.TestAutomation.SearchProductForRegisteredUser"/>
  <testcase name="clickOnLOginButton" time="4.235" classname="com.myntra.TestAutomation.SearchProductForRegisteredUser"/>
  <testcase name="searchForProducts" time="6.011" classname="com.myntra.TestAutomation.SearchProductForRegisteredUser"/>
  <testcase name="enerUserCredentials" time="12.425" classname="com.myntra.TestAutomation.SearchProductForRegisteredUser"/>
</testsuite> <!-- com.myntra.TestAutomation.SearchProductForRegisteredUser -->
